Release 14.7 - xst P.20131013 (nt64)
Copyright (c) 1995-2013 Xilinx, Inc.  All rights reserved.
--> Parameter TMPDIR set to xst/projnav.tmp


Total REAL time to Xst completion: 0.00 secs
Total CPU time to Xst completion: 0.11 secs
 
--> Parameter xsthdpdir set to xst


Total REAL time to Xst completion: 0.00 secs
Total CPU time to Xst completion: 0.11 secs
 
--> Reading design: fullTop.prj

TABLE OF CONTENTS
  1) Synthesis Options Summary
  2) HDL Parsing
  3) HDL Elaboration
  4) HDL Synthesis
       4.1) HDL Synthesis Report
  5) Advanced HDL Synthesis
       5.1) Advanced HDL Synthesis Report
  6) Low Level Synthesis
  7) Partition Report
  8) Design Summary
       8.1) Primitive and Black Box Usage
       8.2) Device utilization summary
       8.3) Partition Resource Summary
       8.4) Timing Report
            8.4.1) Clock Information
            8.4.2) Asynchronous Control Signals Information
            8.4.3) Timing Summary
            8.4.4) Timing Details
            8.4.5) Cross Clock Domains Report


=========================================================================
*                      Synthesis Options Summary                        *
=========================================================================
---- Source Parameters
Input File Name                    : "fullTop.prj"
Ignore Synthesis Constraint File   : NO

---- Target Parameters
Output File Name                   : "fullTop"
Output Format                      : NGC
Target Device                      : xc6slx45-3-csg324

---- Source Options
Top Module Name                    : fullTop
Automatic FSM Extraction           : YES
FSM Encoding Algorithm             : Auto
Safe Implementation                : No
FSM Style                          : LUT
RAM Extraction                     : Yes
RAM Style                          : Auto
ROM Extraction                     : Yes
Shift Register Extraction          : YES
ROM Style                          : Auto
Resource Sharing                   : YES
Asynchronous To Synchronous        : NO
Shift Register Minimum Size        : 2
Use DSP Block                      : Auto
Automatic Register Balancing       : No

---- Target Options
LUT Combining                      : Auto
Reduce Control Sets                : Auto
Add IO Buffers                     : YES
Global Maximum Fanout              : 100000
Add Generic Clock Buffer(BUFG)     : 16
Register Duplication               : YES
Optimize Instantiated Primitives   : NO
Use Clock Enable                   : Auto
Use Synchronous Set                : Auto
Use Synchronous Reset              : Auto
Pack IO Registers into IOBs        : Auto
Equivalent register Removal        : YES

---- General Options
Optimization Goal                  : Speed
Optimization Effort                : 1
Power Reduction                    : NO
Keep Hierarchy                     : No
Netlist Hierarchy                  : As_Optimized
RTL Output                         : Yes
Global Optimization                : AllClockNets
Read Cores                         : YES
Write Timing Constraints           : NO
Cross Clock Analysis               : NO
Hierarchy Separator                : /
Bus Delimiter                      : <>
Case Specifier                     : Maintain
Slice Utilization Ratio            : 100
BRAM Utilization Ratio             : 100
DSP48 Utilization Ratio            : 100
Auto BRAM Packing                  : NO
Slice Utilization Ratio Delta      : 5

=========================================================================


=========================================================================
*                          HDL Parsing                                  *
=========================================================================
Analyzing Verilog file "C:\Users\germannagaev\Documents\GitHub\TugOfWar\TugOfWarSuccess\TugOfWarGame\synchronizer.v" into library work
Parsing module <synchronizer>.
Analyzing Verilog file "C:\Users\germannagaev\Documents\GitHub\TugOfWar\TugOfWarSuccess\TugOfWarGame\PBL.v" into library work
Parsing module <PBL>.
Analyzing Verilog file "C:\Users\germannagaev\Documents\GitHub\TugOfWar\TugOfWarSuccess\TugOfWarGame\OPP.v" into library work
Parsing module <OPP>.
Analyzing Verilog file "C:\Users\germannagaev\Documents\GitHub\TugOfWar\TugOfWarSuccess\TugOfWarGame\MC.v" into library work
Parsing module <MC>.
Analyzing Verilog file "C:\Users\germannagaev\Documents\GitHub\TugOfWar\TugOfWarSuccess\TugOfWarGame\LFSR.v" into library work
Parsing module <LFSR>.
Analyzing Verilog file "C:\Users\germannagaev\Documents\GitHub\TugOfWar\TugOfWarSuccess\TugOfWarGame\Div256.v" into library work
Parsing module <Div256>.
Analyzing Verilog file "C:\Users\germannagaev\Documents\GitHub\TugOfWar\TugOfWarSuccess\TugOfWarGame\top_lab7.v" into library work
Parsing module <topClrLed>.
Analyzing Verilog file "C:\Users\germannagaev\Documents\GitHub\TugOfWar\TugOfWarSuccess\TugOfWarGame\topClr&leds.v" into library work
Parsing module <topPblPbr>.
Analyzing Verilog file "C:\Users\germannagaev\Documents\GitHub\TugOfWar\TugOfWarSuccess\TugOfWarGame\scorer_template.v" into library work
Parsing module <scorer>.
Analyzing Verilog file "C:\Users\germannagaev\Documents\GitHub\TugOfWar\TugOfWarSuccess\TugOfWarGame\LEDMux.v" into library work
Parsing module <LEDMux>.
Analyzing Verilog file "C:\Users\germannagaev\Documents\GitHub\TugOfWar\TugOfWarSuccess\TugOfWarGame\clk_div.v" into library work
Parsing module <clk_div>.
Analyzing Verilog file "C:\Users\germannagaev\Documents\GitHub\TugOfWar\TugOfWarSuccess\TugOfWarGame\fullTop.v" into library work
Parsing module <fullTop>.

=========================================================================
*                            HDL Elaboration                            *
=========================================================================

Elaborating module <fullTop>.

Elaborating module <clk_div>.

Elaborating module <topPblPbr>.

Elaborating module <PBL>.

Elaborating module <synchronizer>.

Elaborating module <OPP>.

Elaborating module <topClrLed>.

Elaborating module <Div256>.
WARNING:HDLCompiler:413 - "C:\Users\germannagaev\Documents\GitHub\TugOfWar\TugOfWarSuccess\TugOfWarGame\Div256.v" Line 31: Result of 9-bit expression is truncated to fit in 8-bit target.

Elaborating module <LFSR>.

Elaborating module <MC>.
WARNING:HDLCompiler:91 - "C:\Users\germannagaev\Documents\GitHub\TugOfWar\TugOfWarSuccess\TugOfWarGame\MC.v" Line 33: Signal <state> missing in the sensitivity list is added for synthesis purposes. HDL and post-synthesis simulations may differ as a result.
WARNING:HDLCompiler:91 - "C:\Users\germannagaev\Documents\GitHub\TugOfWar\TugOfWarSuccess\TugOfWarGame\MC.v" Line 34: Signal <state> missing in the sensitivity list is added for synthesis purposes. HDL and post-synthesis simulations may differ as a result.

Elaborating module <scorer>.
WARNING:HDLCompiler:91 - "C:\Users\germannagaev\Documents\GitHub\TugOfWar\TugOfWarSuccess\TugOfWarGame\scorer_template.v" Line 70: Signal <tie> missing in the sensitivity list is added for synthesis purposes. HDL and post-synthesis simulations may differ as a result.
WARNING:HDLCompiler:91 - "C:\Users\germannagaev\Documents\GitHub\TugOfWar\TugOfWarSuccess\TugOfWarGame\scorer_template.v" Line 79: Signal <FTL_Left> missing in the sensitivity list is added for synthesis purposes. HDL and post-synthesis simulations may differ as a result.
WARNING:HDLCompiler:91 - "C:\Users\germannagaev\Documents\GitHub\TugOfWar\TugOfWarSuccess\TugOfWarGame\scorer_template.v" Line 82: Signal <FTL_Right> missing in the sensitivity list is added for synthesis purposes. HDL and post-synthesis simulations may differ as a result.

Elaborating module <LEDMux>.

=========================================================================
*                           HDL Synthesis                               *
=========================================================================

Synthesizing Unit <fullTop>.
    Related source file is "C:\Users\germannagaev\Documents\GitHub\TugOfWar\TugOfWarSuccess\TugOfWarGame\fullTop.v".
    Summary:
	no macro.
Unit <fullTop> synthesized.

Synthesizing Unit <clk_div>.
    Related source file is "C:\Users\germannagaev\Documents\GitHub\TugOfWar\TugOfWarSuccess\TugOfWarGame\clk_div.v".
        sys_clk = 100000000
        clk_out = 500
        max = 100000
    Found 23-bit register for signal <counter>.
    Found 1-bit register for signal <clk>.
    Found 23-bit adder for signal <counter[22]_GND_2_o_add_1_OUT> created at line 48.
    Summary:
	inferred   1 Adder/Subtractor(s).
	inferred  24 D-type flip-flop(s).
	inferred   1 Multiplexer(s).
Unit <clk_div> synthesized.

Synthesizing Unit <topPblPbr>.
    Related source file is "C:\Users\germannagaev\Documents\GitHub\TugOfWar\TugOfWarSuccess\TugOfWarGame\topClr&leds.v".
    Summary:
	no macro.
Unit <topPblPbr> synthesized.

Synthesizing Unit <PBL>.
    Related source file is "C:\Users\germannagaev\Documents\GitHub\TugOfWar\TugOfWarSuccess\TugOfWarGame\PBL.v".
    Summary:
	no macro.
Unit <PBL> synthesized.

Synthesizing Unit <synchronizer>.
    Related source file is "C:\Users\germannagaev\Documents\GitHub\TugOfWar\TugOfWarSuccess\TugOfWarGame\synchronizer.v".
    Found 1-bit register for signal <sypush>.
    Summary:
	inferred   1 D-type flip-flop(s).
Unit <synchronizer> synthesized.

Synthesizing Unit <OPP>.
    Related source file is "C:\Users\germannagaev\Documents\GitHub\TugOfWar\TugOfWarSuccess\TugOfWarGame\OPP.v".
    Found 1-bit register for signal <twoClock>.
    Summary:
	inferred   1 D-type flip-flop(s).
Unit <OPP> synthesized.

Synthesizing Unit <topClrLed>.
    Related source file is "C:\Users\germannagaev\Documents\GitHub\TugOfWar\TugOfWarSuccess\TugOfWarGame\top_lab7.v".
    Summary:
	no macro.
Unit <topClrLed> synthesized.

Synthesizing Unit <Div256>.
    Related source file is "C:\Users\germannagaev\Documents\GitHub\TugOfWar\TugOfWarSuccess\TugOfWarGame\Div256.v".
    Found 8-bit register for signal <count>.
    Found 8-bit adder for signal <count[7]_GND_8_o_add_2_OUT> created at line 31.
    Summary:
	inferred   1 Adder/Subtractor(s).
	inferred   8 D-type flip-flop(s).
Unit <Div256> synthesized.

Synthesizing Unit <LFSR>.
    Related source file is "C:\Users\germannagaev\Documents\GitHub\TugOfWar\TugOfWarSuccess\TugOfWarGame\LFSR.v".
    Found 10-bit register for signal <lfsr>.
    Summary:
	inferred  10 D-type flip-flop(s).
Unit <LFSR> synthesized.

Synthesizing Unit <MC>.
    Related source file is "C:\Users\germannagaev\Documents\GitHub\TugOfWar\TugOfWarSuccess\TugOfWarGame\MC.v".
        RESET = 0
        Wait_a = 1
        Wait_b = 2
        Dark = 3
        Play = 4
        Gloat_a = 5
        Gloat_b = 6
    Found 3-bit register for signal <state>.
    Found finite state machine <FSM_0> for signal <state>.
    -----------------------------------------------------------------------
    | States             | 7                                              |
    | Transitions        | 16                                             |
    | Inputs             | 4                                              |
    | Outputs            | 4                                              |
    | Clock              | clk (rising_edge)                              |
    | Reset              | rst (positive)                                 |
    | Reset type         | asynchronous                                   |
    | Reset State        | 000                                            |
    | Encoding           | auto                                           |
    | Implementation     | LUT                                            |
    -----------------------------------------------------------------------
    Summary:
	inferred   1 Finite State Machine(s).
Unit <MC> synthesized.

Synthesizing Unit <scorer>.
    Related source file is "C:\Users\germannagaev\Documents\GitHub\TugOfWar\TugOfWarSuccess\TugOfWarGame\scorer_template.v".
    Found 4-bit register for signal <state>.
INFO:Xst:1799 - State 0000 is never reached in FSM <state>.
    Found finite state machine <FSM_1> for signal <state>.
    -----------------------------------------------------------------------
    | States             | 11                                             |
    | Transitions        | 36                                             |
    | Inputs             | 6                                              |
    | Outputs            | 7                                              |
    | Clock              | clk (rising_edge)                              |
    | Reset              | rst (positive)                                 |
    | Reset type         | asynchronous                                   |
    | Reset State        | 1010                                           |
    | Encoding           | auto                                           |
    | Implementation     | LUT                                            |
    -----------------------------------------------------------------------
    Summary:
	inferred   1 Finite State Machine(s).
Unit <scorer> synthesized.

Synthesizing Unit <LEDMux>.
    Related source file is "C:\Users\germannagaev\Documents\GitHub\TugOfWar\TugOfWarSuccess\TugOfWarGame\LEDMux.v".
    Summary:
	inferred   1 Multiplexer(s).
Unit <LEDMux> synthesized.

=========================================================================
HDL Synthesis Report

Macro Statistics
# Adders/Subtractors                                   : 2
 23-bit adder                                          : 1
 8-bit adder                                           : 1
# Registers                                            : 6
 1-bit register                                        : 3
 10-bit register                                       : 1
 23-bit register                                       : 1
 8-bit register                                        : 1
# Multiplexers                                         : 2
 23-bit 2-to-1 multiplexer                             : 1
 7-bit 2-to-1 multiplexer                              : 1
# FSMs                                                 : 2
# Xors                                                 : 1
 1-bit xor2                                            : 1

=========================================================================

=========================================================================
*                       Advanced HDL Synthesis                          *
=========================================================================


Synthesizing (advanced) Unit <Div256>.
The following registers are absorbed into counter <count>: 1 register on signal <count>.
Unit <Div256> synthesized (advanced).

Synthesizing (advanced) Unit <clk_div>.
The following registers are absorbed into counter <counter>: 1 register on signal <counter>.
Unit <clk_div> synthesized (advanced).

=========================================================================
Advanced HDL Synthesis Report

Macro Statistics
# Counters                                             : 2
 23-bit up counter                                     : 1
 8-bit up counter                                      : 1
# Registers                                            : 13
 Flip-Flops                                            : 13
# Multiplexers                                         : 1
 7-bit 2-to-1 multiplexer                              : 1
# FSMs                                                 : 2
# Xors                                                 : 1
 1-bit xor2                                            : 1

=========================================================================

=========================================================================
*                         Low Level Synthesis                           *
=========================================================================
Analyzing FSM <MFsm> for best encoding.
Optimizing FSM <FSM_0> on signal <state[1:3]> with gray encoding.
-------------------
 State | Encoding
-------------------
 000   | 000
 001   | 001
 010   | 011
 011   | 010
 100   | 110
 101   | 111
 110   | 101
-------------------
Analyzing FSM <MFsm> for best encoding.
Optimizing FSM <FSM_1> on signal <state[1:4]> with gray encoding.
-------------------
 State | Encoding
-------------------
 1010  | 0000
 0101  | 0001
 0000  | unreached
 0001  | 0011
 0011  | 0010
 0100  | 0110
 0010  | 0111
 0110  | 0101
 0111  | 0100
 1000  | 1100
 1001  | 1101
-------------------

Optimizing unit <fullTop> ...

Optimizing unit <LFSR> ...
WARNING:Xst:1293 - FF/Latch <createCLKdivide/counter_17> has a constant value of 0 in block <fullTop>. This FF/Latch will be trimmed during the optimization process.
WARNING:Xst:1896 - Due to other FF/Latch trimming, FF/Latch <createCLKdivide/counter_18> has a constant value of 0 in block <fullTop>. This FF/Latch will be trimmed during the optimization process.
WARNING:Xst:1896 - Due to other FF/Latch trimming, FF/Latch <createCLKdivide/counter_19> has a constant value of 0 in block <fullTop>. This FF/Latch will be trimmed during the optimization process.
WARNING:Xst:1896 - Due to other FF/Latch trimming, FF/Latch <createCLKdivide/counter_20> has a constant value of 0 in block <fullTop>. This FF/Latch will be trimmed during the optimization process.
WARNING:Xst:1896 - Due to other FF/Latch trimming, FF/Latch <createCLKdivide/counter_21> has a constant value of 0 in block <fullTop>. This FF/Latch will be trimmed during the optimization process.
WARNING:Xst:1896 - Due to other FF/Latch trimming, FF/Latch <createCLKdivide/counter_22> has a constant value of 0 in block <fullTop>. This FF/Latch will be trimmed during the optimization process.

Mapping all equations...
Building and optimizing final netlist ...
Found area constraint ratio of 100 (+ 5) on block fullTop, actual ratio is 0.

Final Macro Processing ...

Processing Unit <fullTop> :
	Found 6-bit shift register for signal <clrLedInst/topLFSR/lfsr_3>.
Unit <fullTop> processed.

=========================================================================
Final Register Report

Macro Statistics
# Registers                                            : 39
 Flip-Flops                                            : 39
# Shift Registers                                      : 1
 6-bit shift register                                  : 1

=========================================================================

=========================================================================
*                           Partition Report                            *
=========================================================================

Partition Implementation Status
-------------------------------

  No Partitions were found in this design.

-------------------------------

=========================================================================
*                            Design Summary                             *
=========================================================================

Top Level Output File Name         : fullTop.ngc

Primitive and Black Box Usage:
------------------------------
# BELS                             : 128
#      GND                         : 1
#      INV                         : 2
#      LUT1                        : 23
#      LUT2                        : 5
#      LUT3                        : 4
#      LUT4                        : 19
#      LUT5                        : 9
#      LUT6                        : 16
#      MUXCY                       : 23
#      VCC                         : 1
#      XORCY                       : 25
# FlipFlops/Latches                : 46
#      FDC                         : 29
#      FDCE                        : 6
#      FDE                         : 1
#      FDP                         : 1
#      FDR                         : 9
# Shift Registers                  : 1
#      SRLC16E                     : 1
# Clock Buffers                    : 2
#      BUFG                        : 1
#      BUFGP                       : 1
# IO Buffers                       : 12
#      IBUF                        : 5
#      OBUF                        : 7

Device utilization summary:
---------------------------

Selected Device : 6slx45csg324-3 


Slice Logic Utilization: 
 Number of Slice Registers:              46  out of  54576     0%  
 Number of Slice LUTs:                   79  out of  27288     0%  
    Number used as Logic:                78  out of  27288     0%  
    Number used as Memory:                1  out of   6408     0%  
       Number used as SRL:                1

Slice Logic Distribution: 
 Number of LUT Flip Flop pairs used:     86
   Number with an unused Flip Flop:      40  out of     86    46%  
   Number with an unused LUT:             7  out of     86     8%  
   Number of fully used LUT-FF pairs:    39  out of     86    45%  
   Number of unique control sets:         5

IO Utilization: 
 Number of IOs:                          13
 Number of bonded IOBs:                  13  out of    218     5%  

Specific Feature Utilization:
 Number of BUFG/BUFGCTRLs:                2  out of     16    12%  

---------------------------
Partition Resource Summary:
---------------------------

  No Partitions were found in this design.

---------------------------


=========================================================================
Timing Report

NOTE: THESE TIMING NUMBERS ARE ONLY A SYNTHESIS ESTIMATE.
      FOR ACCURATE TIMING INFORMATION PLEASE REFER TO THE TRACE REPORT
      GENERATED AFTER PLACE-and-ROUTE.

Clock Information:
------------------
-----------------------------------+------------------------+-------+
Clock Signal                       | Clock buffer(FF name)  | Load  |
-----------------------------------+------------------------+-------+
createCLKdivide/clk                | BUFG                   | 29    |
CLK_I                              | BUFGP                  | 18    |
-----------------------------------+------------------------+-------+

Asynchronous Control Signals Information:
----------------------------------------
No asynchronous control signals found in this design

Timing Summary:
---------------
Speed Grade: -3

   Minimum period: 3.672ns (Maximum Frequency: 272.320MHz)
   Minimum input arrival time before clock: 4.396ns
   Maximum output required time after clock: 6.137ns
   Maximum combinational path delay: No path found

Timing Details:
---------------
All values displayed in nanoseconds (ns)

=========================================================================
Timing constraint: Default period analysis for Clock 'createCLKdivide/clk'
  Clock period: 3.672ns (frequency: 272.320MHz)
  Total number of paths / destination ports: 150 / 27
-------------------------------------------------------------------------
Delay:               3.672ns (Levels of Logic = 3)
  Source:            clrLedInst/topMC/state_FSM_FFd3 (FF)
  Destination:       scoreInst/state_FSM_FFd4 (FF)
  Source Clock:      createCLKdivide/clk rising
  Destination Clock: createCLKdivide/clk rising

  Data Path: clrLedInst/topMC/state_FSM_FFd3 to scoreInst/state_FSM_FFd4
                                Gate     Net
    Cell:in->out      fanout   Delay   Delay  Logical Name (Net Name)
    ----------------------------------------  ------------
     FDC:C->Q             11   0.447   1.111  clrLedInst/topMC/state_FSM_FFd3 (clrLedInst/topMC/state_FSM_FFd3)
     LUT5:I2->O            5   0.205   0.715  scoreInst/mr1 (scoreInst/mr)
     LUT5:I4->O            1   0.205   0.684  scoreInst/state_FSM_FFd4-In5_SW0 (N8)
     LUT6:I4->O            1   0.203   0.000  scoreInst/state_FSM_FFd4-In5 (scoreInst/state_FSM_FFd4-In)
     FDC:D                     0.102          scoreInst/state_FSM_FFd4
    ----------------------------------------
    Total                      3.672ns (1.162ns logic, 2.510ns route)
                                       (31.6% logic, 68.4% route)

=========================================================================
Timing constraint: Default period analysis for Clock 'CLK_I'
  Clock period: 3.196ns (frequency: 312.876MHz)
  Total number of paths / destination ports: 460 / 18
-------------------------------------------------------------------------
Delay:               3.196ns (Levels of Logic = 2)
  Source:            createCLKdivide/counter_11 (FF)
  Destination:       createCLKdivide/counter_0 (FF)
  Source Clock:      CLK_I rising
  Destination Clock: CLK_I rising

  Data Path: createCLKdivide/counter_11 to createCLKdivide/counter_0
                                Gate     Net
    Cell:in->out      fanout   Delay   Delay  Logical Name (Net Name)
    ----------------------------------------  ------------
     FDC:C->Q              2   0.447   0.961  createCLKdivide/counter_11 (createCLKdivide/counter_11)
     LUT5:I0->O           18   0.203   1.278  createCLKdivide/GND_2_o_GND_2_o_equal_1_o<22>3 (createCLKdivide/GND_2_o_GND_2_o_equal_1_o<22>2)
     LUT4:I1->O            1   0.205   0.000  createCLKdivide/Mcount_counter_eqn_01 (createCLKdivide/Mcount_counter_eqn_0)
     FDC:D                     0.102          createCLKdivide/counter_0
    ----------------------------------------
    Total                      3.196ns (0.957ns logic, 2.239ns route)
                                       (29.9% logic, 70.1% route)

=========================================================================
Timing constraint: Default OFFSET IN BEFORE for Clock 'createCLKdivide/clk'
  Total number of paths / destination ports: 54 / 33
-------------------------------------------------------------------------
Offset:              4.396ns (Levels of Logic = 3)
  Source:            rst (PAD)
  Destination:       scoreInst/state_FSM_FFd4 (FF)
  Destination Clock: createCLKdivide/clk rising

  Data Path: rst to scoreInst/state_FSM_FFd4
                                Gate     Net
    Cell:in->out      fanout   Delay   Delay  Logical Name (Net Name)
    ----------------------------------------  ------------
     IBUF:I->O            47   1.222   1.733  rst_IBUF (rst_IBUF)
     LUT5:I2->O            4   0.205   0.931  PblPbrInst/A/tie1 (tie)
     LUT6:I2->O            1   0.203   0.000  scoreInst/state_FSM_FFd4-In5 (scoreInst/state_FSM_FFd4-In)
     FDC:D                     0.102          scoreInst/state_FSM_FFd4
    ----------------------------------------
    Total                      4.396ns (1.732ns logic, 2.664ns route)
                                       (39.4% logic, 60.6% route)

=========================================================================
Timing constraint: Default OFFSET IN BEFORE for Clock 'CLK_I'
  Total number of paths / destination ports: 18 / 18
-------------------------------------------------------------------------
Offset:              3.156ns (Levels of Logic = 1)
  Source:            rst (PAD)
  Destination:       createCLKdivide/counter_0 (FF)
  Destination Clock: CLK_I rising

  Data Path: rst to createCLKdivide/counter_0
                                Gate     Net
    Cell:in->out      fanout   Delay   Delay  Logical Name (Net Name)
    ----------------------------------------  ------------
     IBUF:I->O            47   1.222   1.504  rst_IBUF (rst_IBUF)
     FDC:CLR                   0.430          createCLKdivide/counter_0
    ----------------------------------------
    Total                      3.156ns (1.652ns logic, 1.504ns route)
                                       (52.3% logic, 47.7% route)

=========================================================================
Timing constraint: Default OFFSET OUT AFTER for Clock 'createCLKdivide/clk'
  Total number of paths / destination ports: 45 / 7
-------------------------------------------------------------------------
Offset:              6.137ns (Levels of Logic = 3)
  Source:            clrLedInst/topMC/state_FSM_FFd2 (FF)
  Destination:       leds_out<6> (PAD)
  Source Clock:      createCLKdivide/clk rising

  Data Path: clrLedInst/topMC/state_FSM_FFd2 to leds_out<6>
                                Gate     Net
    Cell:in->out      fanout   Delay   Delay  Logical Name (Net Name)
    ----------------------------------------  ------------
     FDC:C->Q             12   0.447   1.137  clrLedInst/topMC/state_FSM_FFd2 (clrLedInst/topMC/state_FSM_FFd2)
     LUT3:I0->O            3   0.205   0.995  A/_n0006<1>1 (A/_n0006)
     LUT5:I0->O            1   0.203   0.579  A/Mmux_leds_out51 (leds_out_4_OBUF)
     OBUF:I->O                 2.571          leds_out_4_OBUF (leds_out<4>)
    ----------------------------------------
    Total                      6.137ns (3.426ns logic, 2.711ns route)
                                       (55.8% logic, 44.2% route)

=========================================================================

Cross Clock Domains Report:
--------------------------

Clock to Setup on destination clock CLK_I
---------------+---------+---------+---------+---------+
               | Src:Rise| Src:Fall| Src:Rise| Src:Fall|
Source Clock   |Dest:Rise|Dest:Rise|Dest:Fall|Dest:Fall|
---------------+---------+---------+---------+---------+
CLK_I          |    3.196|         |         |         |
---------------+---------+---------+---------+---------+

Clock to Setup on destination clock createCLKdivide/clk
-------------------+---------+---------+---------+---------+
                   | Src:Rise| Src:Fall| Src:Rise| Src:Fall|
Source Clock       |Dest:Rise|Dest:Rise|Dest:Fall|Dest:Fall|
-------------------+---------+---------+---------+---------+
createCLKdivide/clk|    3.672|         |         |         |
-------------------+---------+---------+---------+---------+

=========================================================================


Total REAL time to Xst completion: 5.00 secs
Total CPU time to Xst completion: 4.44 secs
 
--> 

Total memory usage is 282912 kilobytes

Number of errors   :    0 (   0 filtered)
Number of warnings :   12 (   0 filtered)
Number of infos    :    1 (   0 filtered)

