Running: fuse.exe -relaunch -intstyle "ise" -incremental -lib "unisims_ver" -lib "unimacro_ver" -lib "xilinxcorelib_ver" -lib "secureip" -o "W:/ELEC3500/TugOfWarGame/PblPbrInst_tb_isim_beh.exe" -prj "W:/ELEC3500/TugOfWarGame/PblPbrInst_tb_beh.prj" "work.PblPbrInst_tb" "work.glbl" 
ISim P.20131013 (signature 0x8ef4fb42)
Number of CPUs detected in this system: 4
Turning on mult-threading, number of parallel sub-compilation jobs: 8 
Determining compilation order of HDL files
Analyzing Verilog file "W:/ELEC3500/TugOfWarGame/synchronizer.v" into library work
Analyzing Verilog file "W:/ELEC3500/TugOfWarGame/PBL.v" into library work
Analyzing Verilog file "W:/ELEC3500/TugOfWarGame/OPP.v" into library work
Analyzing Verilog file "W:/ELEC3500/TugOfWarGame/topClr&leds.v" into library work
Analyzing Verilog file "W:/ELEC3500/TugOfWarGame/PblPbrInst_tb.v" into library work
Analyzing Verilog file "C:/Xilinx/14.7/ISE_DS/ISE//verilog/src/glbl.v" into library work
Starting static elaboration
Completed static elaboration
Fuse Memory Usage: 164044 KB
Fuse CPU Usage: 249 ms
Compiling module PBL
Compiling module synchronizer
Compiling module OPP
Compiling module topPblPbr
Compiling module PblPbrInst_tb
Compiling module glbl
Time Resolution for simulation is 1ps.
Waiting for 1 sub-compilation(s) to finish...
Compiled 6 Verilog Units
Built simulation executable W:/ELEC3500/TugOfWarGame/PblPbrInst_tb_isim_beh.exe
Fuse Memory Usage: 168332 KB
Fuse CPU Usage: 343 ms
