Release 14.7 Map P.20131013 (nt)
Xilinx Mapping Report File for Design 'fullTop'

Design Information
------------------
Command Line   : map -intstyle ise -p xc7a100t-csg324-3 -w -logic_opt off -ol
high -t 1 -xt 0 -register_duplication off -r 4 -mt off -ir off -pr off -lc off
-power off -o fullTop_map.ncd fullTop.ngd fullTop.pcf 
Target Device  : xc7a100t
Target Package : csg324
Target Speed   : -3
Mapper Version : artix7 -- $Revision: 1.55 $
Mapped Date    : Wed Nov 30 23:02:20 2016

Design Summary
--------------
Number of errors   :   1
Number of warnings :   1

Section 1 - Errors
------------------
ERROR:MapLib:30 - LOC constraint P16 on leds_out<6> is invalid: No such site on
   the device. To bypass this error set the environment variable
   'XIL_MAP_LOCWARN'.

Section 2 - Warnings
--------------------
WARNING:Security:43 - No license file was found in the standard Xilinx license
directory.
WARNING:Security:44 - Since no license file was found,
WARNING:Security:42 - Your software subscription period has lapsed. Your current
version of Xilinx tools will continue to function, but you no longer qualify for
Xilinx software updates or new releases.
WARNING:LIT:701 - PAD symbol "pbl" has an undefined IOSTANDARD.

Section 3 - Informational
-------------------------
INFO:Security:50 - The XILINXD_LICENSE_FILE environment variable is set to
'2100@134.117.38.248'.
INFO:Security:52 - The LM_LICENSE_FILE environment variable is set to
'7654@134.117.38.248;1055@134.117.70.208;12345@134.117.38.248;27010@134.117.38.2
48;'.
INFO:Security:54 - 'xc7a100t' is a WebPack part.

Section 4 - Removed Logic Summary
---------------------------------

Section 5 - Removed Logic
-------------------------
