Release 14.7 - xst P.20131013 (nt)
Copyright (c) 1995-2013 Xilinx, Inc.  All rights reserved.
--> Parameter TMPDIR set to xst/projnav.tmp


Total REAL time to Xst completion: 0.00 secs
Total CPU time to Xst completion: 0.11 secs
 
--> Parameter xsthdpdir set to xst


Total REAL time to Xst completion: 0.00 secs
Total CPU time to Xst completion: 0.11 secs
 
--> Reading design: fullTop.prj

TABLE OF CONTENTS
  1) Synthesis Options Summary
  2) HDL Parsing
  3) HDL Elaboration
  4) HDL Synthesis
       4.1) HDL Synthesis Report
  5) Advanced HDL Synthesis
       5.1) Advanced HDL Synthesis Report
  6) Low Level Synthesis
  7) Partition Report
  8) Design Summary
       8.1) Primitive and Black Box Usage
       8.2) Device utilization summary
       8.3) Partition Resource Summary
       8.4) Timing Report
            8.4.1) Clock Information
            8.4.2) Asynchronous Control Signals Information
            8.4.3) Timing Summary
            8.4.4) Timing Details
            8.4.5) Cross Clock Domains Report


=========================================================================
*                      Synthesis Options Summary                        *
=========================================================================
---- Source Parameters
Input File Name                    : "fullTop.prj"
Ignore Synthesis Constraint File   : NO

---- Target Parameters
Output File Name                   : "fullTop"
Output Format                      : NGC
Target Device                      : xc6slx45-3-csg324

---- Source Options
Top Module Name                    : fullTop
Automatic FSM Extraction           : YES
FSM Encoding Algorithm             : Auto
Safe Implementation                : No
FSM Style                          : LUT
RAM Extraction                     : Yes
RAM Style                          : Auto
ROM Extraction                     : Yes
Shift Register Extraction          : YES
ROM Style                          : Auto
Resource Sharing                   : YES
Asynchronous To Synchronous        : NO
Shift Register Minimum Size        : 2
Use DSP Block                      : Auto
Automatic Register Balancing       : No

---- Target Options
LUT Combining                      : Auto
Reduce Control Sets                : Auto
Add IO Buffers                     : YES
Global Maximum Fanout              : 100000
Add Generic Clock Buffer(BUFG)     : 16
Register Duplication               : YES
Optimize Instantiated Primitives   : NO
Use Clock Enable                   : Auto
Use Synchronous Set                : Auto
Use Synchronous Reset              : Auto
Pack IO Registers into IOBs        : Auto
Equivalent register Removal        : YES

---- General Options
Optimization Goal                  : Speed
Optimization Effort                : 1
Power Reduction                    : NO
Keep Hierarchy                     : No
Netlist Hierarchy                  : As_Optimized
RTL Output                         : Yes
Global Optimization                : AllClockNets
Read Cores                         : YES
Write Timing Constraints           : NO
Cross Clock Analysis               : NO
Hierarchy Separator                : /
Bus Delimiter                      : <>
Case Specifier                     : Maintain
Slice Utilization Ratio            : 100
BRAM Utilization Ratio             : 100
DSP48 Utilization Ratio            : 100
Auto BRAM Packing                  : NO
Slice Utilization Ratio Delta      : 5

=========================================================================


=========================================================================
*                          HDL Parsing                                  *
=========================================================================
Analyzing Verilog file "\\ugradfs\brendanlucas\win\GitHub\TugOfWar\TugOfWarIssues\TugOfWarGame\synchronizer.v" into library work
Parsing module <synchronizer>.
Analyzing Verilog file "\\ugradfs\brendanlucas\win\GitHub\TugOfWar\TugOfWarIssues\TugOfWarGame\PBL.v" into library work
Parsing module <PBL>.
Analyzing Verilog file "\\ugradfs\brendanlucas\win\GitHub\TugOfWar\TugOfWarIssues\TugOfWarGame\OPP.v" into library work
Parsing module <OPP>.
Analyzing Verilog file "\\ugradfs\brendanlucas\win\GitHub\TugOfWar\TugOfWarIssues\TugOfWarGame\MC.v" into library work
Parsing module <MC>.
Analyzing Verilog file "\\ugradfs\brendanlucas\win\GitHub\TugOfWar\TugOfWarIssues\TugOfWarGame\LFSR.v" into library work
Parsing module <LFSR>.
Analyzing Verilog file "\\ugradfs\brendanlucas\win\GitHub\TugOfWar\TugOfWarIssues\TugOfWarGame\Div256.v" into library work
Parsing module <Div256>.
Analyzing Verilog file "\\ugradfs\brendanlucas\win\GitHub\TugOfWar\TugOfWarIssues\TugOfWarGame\top_lab7.v" into library work
Parsing module <topClrLed>.
Analyzing Verilog file "\\ugradfs\brendanlucas\win\GitHub\TugOfWar\TugOfWarIssues\TugOfWarGame\topClr&leds.v" into library work
Parsing module <topPblPbr>.
Analyzing Verilog file "\\ugradfs\brendanlucas\win\GitHub\TugOfWar\TugOfWarIssues\TugOfWarGame\scorer_template.v" into library work
Parsing module <scorer>.
Analyzing Verilog file "\\ugradfs\brendanlucas\win\GitHub\TugOfWar\TugOfWarIssues\TugOfWarGame\LEDMux.v" into library work
Parsing module <LEDMux>.
Analyzing Verilog file "\\ugradfs\brendanlucas\win\GitHub\TugOfWar\TugOfWarIssues\TugOfWarGame\fullTop.v" into library work
Parsing module <fullTop>.

=========================================================================
*                            HDL Elaboration                            *
=========================================================================

Elaborating module <fullTop>.

Elaborating module <topPblPbr>.

Elaborating module <PBL>.

Elaborating module <synchronizer>.

Elaborating module <OPP>.

Elaborating module <topClrLed>.

Elaborating module <Div256>.

Elaborating module <LFSR>.

Elaborating module <MC>.

Elaborating module <scorer>.
WARNING:HDLCompiler:91 - "\\ugradfs\brendanlucas\win\GitHub\TugOfWar\TugOfWarIssues\TugOfWarGame\scorer_template.v" Line 66: Signal <tie> missing in the sensitivity list is added for synthesis purposes. HDL and post-synthesis simulations may differ as a result.

Elaborating module <LEDMux>.

=========================================================================
*                           HDL Synthesis                               *
=========================================================================

Synthesizing Unit <fullTop>.
    Related source file is "\\ugradfs\brendanlucas\win\GitHub\TugOfWar\TugOfWarIssues\TugOfWarGame\fullTop.v".
    Summary:
	no macro.
Unit <fullTop> synthesized.

Synthesizing Unit <topPblPbr>.
    Related source file is "\\ugradfs\brendanlucas\win\GitHub\TugOfWar\TugOfWarIssues\TugOfWarGame\topClr&leds.v".
    Summary:
	no macro.
Unit <topPblPbr> synthesized.

Synthesizing Unit <PBL>.
    Related source file is "\\ugradfs\brendanlucas\win\GitHub\TugOfWar\TugOfWarIssues\TugOfWarGame\PBL.v".
    Summary:
	no macro.
Unit <PBL> synthesized.

Synthesizing Unit <synchronizer>.
    Related source file is "\\ugradfs\brendanlucas\win\GitHub\TugOfWar\TugOfWarIssues\TugOfWarGame\synchronizer.v".
    Found 1-bit register for signal <sypush>.
    Summary:
	inferred   1 D-type flip-flop(s).
Unit <synchronizer> synthesized.

Synthesizing Unit <OPP>.
    Related source file is "\\ugradfs\brendanlucas\win\GitHub\TugOfWar\TugOfWarIssues\TugOfWarGame\OPP.v".
    Found 1-bit register for signal <twoClock>.
    Summary:
	inferred   1 D-type flip-flop(s).
Unit <OPP> synthesized.

Synthesizing Unit <topClrLed>.
    Related source file is "\\ugradfs\brendanlucas\win\GitHub\TugOfWar\TugOfWarIssues\TugOfWarGame\top_lab7.v".
    Summary:
	no macro.
Unit <topClrLed> synthesized.

Synthesizing Unit <Div256>.
    Related source file is "\\ugradfs\brendanlucas\win\GitHub\TugOfWar\TugOfWarIssues\TugOfWarGame\Div256.v".
    Found 8-bit register for signal <count>.
    Found 8-bit adder for signal <count[7]_GND_7_o_add_3_OUT> created at line 30.
    Summary:
	inferred   1 Adder/Subtractor(s).
	inferred   8 D-type flip-flop(s).
Unit <Div256> synthesized.

Synthesizing Unit <LFSR>.
    Related source file is "\\ugradfs\brendanlucas\win\GitHub\TugOfWar\TugOfWarIssues\TugOfWarGame\LFSR.v".
    Found 10-bit register for signal <lfsr>.
    Summary:
	inferred  10 D-type flip-flop(s).
Unit <LFSR> synthesized.

Synthesizing Unit <MC>.
    Related source file is "\\ugradfs\brendanlucas\win\GitHub\TugOfWar\TugOfWarIssues\TugOfWarGame\MC.v".
        RESET = 0
        Wait_a = 1
        Wait_b = 2
        Dark = 3
        Play = 4
        Gloat_a = 5
        Gloat_b = 6
    Found 3-bit register for signal <state>.
    Found finite state machine <FSM_0> for signal <state>.
    -----------------------------------------------------------------------
    | States             | 7                                              |
    | Transitions        | 16                                             |
    | Inputs             | 4                                              |
    | Outputs            | 5                                              |
    | Clock              | clk (rising_edge)                              |
    | Reset              | rst (positive)                                 |
    | Reset type         | asynchronous                                   |
    | Reset State        | 000                                            |
    | Encoding           | auto                                           |
    | Implementation     | LUT                                            |
    -----------------------------------------------------------------------
    Summary:
	inferred   1 Finite State Machine(s).
Unit <MC> synthesized.

Synthesizing Unit <scorer>.
    Related source file is "\\ugradfs\brendanlucas\win\GitHub\TugOfWar\TugOfWarIssues\TugOfWarGame\scorer_template.v".
    Found 4-bit register for signal <state>.
INFO:Xst:1799 - State 0000 is never reached in FSM <state>.
    Found finite state machine <FSM_1> for signal <state>.
    -----------------------------------------------------------------------
    | States             | 11                                             |
    | Transitions        | 34                                             |
    | Inputs             | 4                                              |
    | Outputs            | 7                                              |
    | Clock              | clk (rising_edge)                              |
    | Reset              | rst (positive)                                 |
    | Reset type         | asynchronous                                   |
    | Reset State        | 1010                                           |
    | Encoding           | auto                                           |
    | Implementation     | LUT                                            |
    -----------------------------------------------------------------------
    Summary:
	inferred   1 Finite State Machine(s).
Unit <scorer> synthesized.

Synthesizing Unit <LEDMux>.
    Related source file is "\\ugradfs\brendanlucas\win\GitHub\TugOfWar\TugOfWarIssues\TugOfWarGame\LEDMux.v".
    Summary:
	inferred   1 Multiplexer(s).
Unit <LEDMux> synthesized.

=========================================================================
HDL Synthesis Report

Macro Statistics
# Adders/Subtractors                                   : 1
 8-bit adder                                           : 1
# Registers                                            : 4
 1-bit register                                        : 2
 10-bit register                                       : 1
 8-bit register                                        : 1
# Multiplexers                                         : 1
 7-bit 2-to-1 multiplexer                              : 1
# FSMs                                                 : 2
# Xors                                                 : 1
 1-bit xor2                                            : 1

=========================================================================

=========================================================================
*                       Advanced HDL Synthesis                          *
=========================================================================


Synthesizing (advanced) Unit <Div256>.
The following registers are absorbed into counter <count>: 1 register on signal <count>.
Unit <Div256> synthesized (advanced).

=========================================================================
Advanced HDL Synthesis Report

Macro Statistics
# Counters                                             : 1
 8-bit up counter                                      : 1
# Registers                                            : 12
 Flip-Flops                                            : 12
# Multiplexers                                         : 1
 7-bit 2-to-1 multiplexer                              : 1
# FSMs                                                 : 2
# Xors                                                 : 1
 1-bit xor2                                            : 1

=========================================================================

=========================================================================
*                         Low Level Synthesis                           *
=========================================================================
Analyzing FSM <MFsm> for best encoding.
Optimizing FSM <FSM_1> on signal <state[1:4]> with gray encoding.
-------------------
 State | Encoding
-------------------
 1010  | 0000
 0101  | 0001
 0000  | unreached
 0001  | 0011
 0011  | 0010
 0100  | 0110
 0010  | 0111
 0110  | 0101
 0111  | 0100
 1000  | 1100
 1001  | 1101
-------------------
Analyzing FSM <MFsm> for best encoding.
Optimizing FSM <FSM_0> on signal <state[1:3]> with gray encoding.
-------------------
 State | Encoding
-------------------
 000   | 000
 001   | 001
 010   | 011
 011   | 010
 100   | 110
 101   | 111
 110   | 101
-------------------

Optimizing unit <fullTop> ...

Optimizing unit <LFSR> ...

Mapping all equations...
Building and optimizing final netlist ...
Found area constraint ratio of 100 (+ 5) on block fullTop, actual ratio is 0.

Final Macro Processing ...

Processing Unit <fullTop> :
	Found 6-bit shift register for signal <clrLedInst/topLFSR/lfsr_3>.
Unit <fullTop> processed.

=========================================================================
Final Register Report

Macro Statistics
# Registers                                            : 21
 Flip-Flops                                            : 21
# Shift Registers                                      : 1
 6-bit shift register                                  : 1

=========================================================================

=========================================================================
*                           Partition Report                            *
=========================================================================

Partition Implementation Status
-------------------------------

  No Partitions were found in this design.

-------------------------------

=========================================================================
*                            Design Summary                             *
=========================================================================

Top Level Output File Name         : fullTop.ngc

Primitive and Black Box Usage:
------------------------------
# BELS                             : 67
#      GND                         : 1
#      INV                         : 1
#      LUT1                        : 7
#      LUT2                        : 13
#      LUT3                        : 3
#      LUT4                        : 1
#      LUT5                        : 6
#      LUT6                        : 19
#      MUXCY                       : 7
#      VCC                         : 1
#      XORCY                       : 8
# FlipFlops/Latches                : 28
#      FD                          : 9
#      FDC                         : 11
#      FDCE                        : 6
#      FDE                         : 1
#      FDP                         : 1
# Shift Registers                  : 1
#      SRLC16E                     : 1
# Clock Buffers                    : 1
#      BUFGP                       : 1
# IO Buffers                       : 10
#      IBUF                        : 3
#      OBUF                        : 7

Device utilization summary:
---------------------------

Selected Device : 6slx45csg324-3 


Slice Logic Utilization: 
 Number of Slice Registers:              28  out of  54576     0%  
 Number of Slice LUTs:                   51  out of  27288     0%  
    Number used as Logic:                50  out of  27288     0%  
    Number used as Memory:                1  out of   6408     0%  
       Number used as SRL:                1

Slice Logic Distribution: 
 Number of LUT Flip Flop pairs used:     58
   Number with an unused Flip Flop:      30  out of     58    51%  
   Number with an unused LUT:             7  out of     58    12%  
   Number of fully used LUT-FF pairs:    21  out of     58    36%  
   Number of unique control sets:         4

IO Utilization: 
 Number of IOs:                          11
 Number of bonded IOBs:                  11  out of    218     5%  

Specific Feature Utilization:
 Number of BUFG/BUFGCTRLs:                1  out of     16     6%  

---------------------------
Partition Resource Summary:
---------------------------

  No Partitions were found in this design.

---------------------------


=========================================================================
Timing Report

NOTE: THESE TIMING NUMBERS ARE ONLY A SYNTHESIS ESTIMATE.
      FOR ACCURATE TIMING INFORMATION PLEASE REFER TO THE TRACE REPORT
      GENERATED AFTER PLACE-and-ROUTE.

Clock Information:
------------------
-----------------------------------+------------------------+-------+
Clock Signal                       | Clock buffer(FF name)  | Load  |
-----------------------------------+------------------------+-------+
CLK_I                              | BUFGP                  | 29    |
-----------------------------------+------------------------+-------+

Asynchronous Control Signals Information:
----------------------------------------
No asynchronous control signals found in this design

Timing Summary:
---------------
Speed Grade: -3

   Minimum period: 3.582ns (Maximum Frequency: 279.170MHz)
   Minimum input arrival time before clock: 4.329ns
   Maximum output required time after clock: 6.179ns
   Maximum combinational path delay: No path found

Timing Details:
---------------
All values displayed in nanoseconds (ns)

=========================================================================
Timing constraint: Default period analysis for Clock 'CLK_I'
  Clock period: 3.582ns (frequency: 279.170MHz)
  Total number of paths / destination ports: 220 / 27
-------------------------------------------------------------------------
Delay:               3.582ns (Levels of Logic = 3)
  Source:            clrLedInst/topMC/state_FSM_FFd3 (FF)
  Destination:       scoreInst/state_FSM_FFd4 (FF)
  Source Clock:      CLK_I rising
  Destination Clock: CLK_I rising

  Data Path: clrLedInst/topMC/state_FSM_FFd3 to scoreInst/state_FSM_FFd4
                                Gate     Net
    Cell:in->out      fanout   Delay   Delay  Logical Name (Net Name)
    ----------------------------------------  ------------
     FDC:C->Q             10   0.447   1.085  clrLedInst/topMC/state_FSM_FFd3 (clrLedInst/topMC/state_FSM_FFd3)
     LUT5:I2->O            3   0.205   0.755  scoreInst/mr1 (scoreInst/mr)
     LUT6:I4->O            1   0.203   0.580  scoreInst/state_FSM_FFd4-In4_SW2 (N12)
     LUT6:I5->O            1   0.205   0.000  scoreInst/state_FSM_FFd4-In4 (scoreInst/state_FSM_FFd4-In)
     FDC:D                     0.102          scoreInst/state_FSM_FFd4
    ----------------------------------------
    Total                      3.582ns (1.162ns logic, 2.420ns route)
                                       (32.4% logic, 67.6% route)

=========================================================================
Timing constraint: Default OFFSET IN BEFORE for Clock 'CLK_I'
  Total number of paths / destination ports: 52 / 32
-------------------------------------------------------------------------
Offset:              4.329ns (Levels of Logic = 4)
  Source:            pbr (PAD)
  Destination:       scoreInst/state_FSM_FFd4 (FF)
  Destination Clock: CLK_I rising

  Data Path: pbr to scoreInst/state_FSM_FFd4
                                Gate     Net
    Cell:in->out      fanout   Delay   Delay  Logical Name (Net Name)
    ----------------------------------------  ------------
     IBUF:I->O             5   1.222   1.059  pbr_IBUF (pbr_IBUF)
     LUT5:I0->O            3   0.203   0.755  scoreInst/mr1 (scoreInst/mr)
     LUT6:I4->O            1   0.203   0.580  scoreInst/state_FSM_FFd4-In4_SW2 (N12)
     LUT6:I5->O            1   0.205   0.000  scoreInst/state_FSM_FFd4-In4 (scoreInst/state_FSM_FFd4-In)
     FDC:D                     0.102          scoreInst/state_FSM_FFd4
    ----------------------------------------
    Total                      4.329ns (1.935ns logic, 2.394ns route)
                                       (44.7% logic, 55.3% route)

=========================================================================
Timing constraint: Default OFFSET OUT AFTER for Clock 'CLK_I'
  Total number of paths / destination ports: 45 / 7
-------------------------------------------------------------------------
Offset:              6.179ns (Levels of Logic = 3)
  Source:            clrLedInst/topMC/state_FSM_FFd3 (FF)
  Destination:       leds_out<6> (PAD)
  Source Clock:      CLK_I rising

  Data Path: clrLedInst/topMC/state_FSM_FFd3 to leds_out<6>
                                Gate     Net
    Cell:in->out      fanout   Delay   Delay  Logical Name (Net Name)
    ----------------------------------------  ------------
     FDC:C->Q             10   0.447   1.085  clrLedInst/topMC/state_FSM_FFd3 (clrLedInst/topMC/state_FSM_FFd3)
     LUT3:I0->O            6   0.205   1.089  A/_n00061 (A/_n0006)
     LUT5:I0->O            1   0.203   0.579  A/Mmux_leds_out51 (leds_out_4_OBUF)
     OBUF:I->O                 2.571          leds_out_4_OBUF (leds_out<4>)
    ----------------------------------------
    Total                      6.179ns (3.426ns logic, 2.753ns route)
                                       (55.4% logic, 44.6% route)

=========================================================================

Cross Clock Domains Report:
--------------------------

Clock to Setup on destination clock CLK_I
---------------+---------+---------+---------+---------+
               | Src:Rise| Src:Fall| Src:Rise| Src:Fall|
Source Clock   |Dest:Rise|Dest:Rise|Dest:Fall|Dest:Fall|
---------------+---------+---------+---------+---------+
CLK_I          |    3.582|         |         |         |
---------------+---------+---------+---------+---------+

=========================================================================


Total REAL time to Xst completion: 4.00 secs
Total CPU time to Xst completion: 4.39 secs
 
--> 

Total memory usage is 246116 kilobytes

Number of errors   :    0 (   0 filtered)
Number of warnings :    1 (   0 filtered)
Number of infos    :    1 (   0 filtered)

