Running: C:\Xilinx\14.7\ISE_DS\ISE\bin\nt\unwrapped\fuse.exe -intstyle ise -incremental -lib simprims_ver -lib unisims_ver -lib unimacro_ver -lib xilinxcorelib_ver -lib secureip -o W:/GitHub/TugOfWar/TugOfWarIssues/TugOfWarGame/ToW_tb_isim_par.exe -prj W:/GitHub/TugOfWar/TugOfWarIssues/TugOfWarGame/ToW_tb_par.prj work.ToW_tb work.glbl 
ISim P.20131013 (signature 0x8ef4fb42)
Number of CPUs detected in this system: 4
Turning on mult-threading, number of parallel sub-compilation jobs: 8 
Determining compilation order of HDL files
Analyzing Verilog file "W:/GitHub/TugOfWar/TugOfWarIssues/TugOfWarGame/netgen/par/fullTop_timesim.v" into library work
Analyzing Verilog file "W:/GitHub/TugOfWar/TugOfWarIssues/TugOfWarGame/ToW_tb.v" into library work
Starting static elaboration
Completed static elaboration
Fuse Memory Usage: 159980 KB
Fuse CPU Usage: 342 ms
Compiling module X_BUF
Compiling module X_LUT6(INIT=64'b1111111100000000...
Compiling module X_LUT5
Compiling module X_ZERO
Compiling module X_CARRY4
Compiling module X_OPAD
Compiling module X_OBUF
Compiling module X_IPAD
Compiling module X_CKBUF
Compiling module ffsrce
Compiling module X_FF
Compiling module X_SRLC16E
Compiling module X_FF(INIT=1'b1)
Compiling module X_ONE
Compiling module fullTop
Compiling module ToW_tb
Compiling module glbl
Time Resolution for simulation is 1ps.
Waiting for 1 sub-compilation(s) to finish...
Compiled 96 Verilog Units
Built simulation executable W:/GitHub/TugOfWar/TugOfWarIssues/TugOfWarGame/ToW_tb_isim_par.exe
Fuse Memory Usage: 166476 KB
Fuse CPU Usage: 1249 ms
