ISim log file
Running: W:\GitHub\TugOfWar\TugOfWarSuccess\TugOfWarGame\ToW_tb_isim_par.exe -intstyle ise -gui -tclbatch isim.cmd -wdb W:/GitHub/TugOfWar/TugOfWarSuccess/TugOfWarGame/ToW_tb_isim_par.wdb 
ISim P.20131013 (signature 0x8ef4fb42)
----------------------------------------------------------------------
INFO:Security:50 - The XILINXD_LICENSE_FILE environment variable is set to '2100@134.117.38.248'.
INFO:Security:52 - The LM_LICENSE_FILE environment variable is set to '27000@localhost;C:\Modeltech_xe\win32xoem\license.dat;6053@licensesrv;7053@cmc-stc-01;1055@134.117.70.208;1718@licensesrv;1707@licensesrv.doe.carleton.ca'.
WARNING:Security:43 - No license file was found in the standard Xilinx license directory.
WARNING:Security:44 - Since no license file was found,
       please run the Xilinx License Configuration Manager
       (xlcm or "Manage Xilinx Licenses")
       to assist in obtaining a license.
WARNING:Security:42 - Your software subscription period has lapsed. Your current version of Xilinx tools will continue to function, but you no longer qualify for Xilinx software updates or new releases.


----------------------------------------------------------------------
This is a Full version of ISim.
Time resolution is 1 ps
# onerror resume
# wave add /
# run 1000 ns
Simulator is doing circuit initialization process.
INFO: SDF backannotation was successful with SDF file netgen/par/fulltop_timesim.sdf, for root module /ToW_tb/fullTopInst/.
Finished circuit initialization process.
# run 10s

Testing R1
 leds_out =   4

Testing R2
 leds_out =   2

Testing R3
 leds_out =   1

Testing R2
 leds_out =   4

Testing R1
 leds_out =   8

Testing N
 leds_out =  16

Testing L1
 leds_out =  32

Testing L2
 leds_out =  64

Testing L3
 leds_out = 112

Testing R2
 leds_out =   4

Testing R1
 leds_out =   8

Testing N
 leds_out =  16
